2024-04-25 20:38:49 INFO     Processing audio file
2024-04-25 20:38:56 INFO     Time taken for transcription: 6.3979809284210205 seconds
2024-04-25 20:38:58 INFO     Time taken for alignment: 0.8668079376220703 seconds
2024-04-25 20:40:19 INFO     Processing audio file
2024-04-25 20:40:25 INFO     Time taken for transcription: 6.173622131347656 seconds
2024-04-25 20:40:27 INFO     Time taken for alignment: 0.9320979118347168 seconds
2024-04-25 20:40:32 INFO     Processing audio file
2024-04-25 20:40:39 INFO     Time taken for transcription: 6.869147777557373 seconds
2024-04-25 20:40:41 INFO     Time taken for alignment: 1.0129010677337646 seconds
2024-04-25 20:41:08 INFO     Processing audio file
2024-04-25 20:41:14 INFO     Time taken for transcription: 5.860435962677002 seconds
2024-04-25 20:41:16 INFO     Time taken for alignment: 0.6861791610717773 seconds
2024-04-25 20:41:37 ERROR    Invalid task. Valid tasks are: transcribe, translate
2024-04-25 20:42:07 INFO     Processing audio file
2024-04-25 20:42:13 INFO     Time taken for transcription: 6.207769155502319 seconds
2024-04-25 20:42:15 INFO     Time taken for alignment: 0.8634428977966309 seconds
2024-04-25 20:42:20 INFO     Time taken for diarization: 2.500325918197632 seconds
2024-04-25 20:42:38 INFO     Processing audio file
2024-04-25 20:42:45 INFO     Time taken for transcription: 6.524585962295532 seconds
2024-04-25 20:42:47 INFO     Time taken for alignment: 0.9236857891082764 seconds
2024-04-25 20:42:52 INFO     Time taken for diarization: 2.8018689155578613 seconds
2024-04-25 20:48:30 INFO     Processing audio file
2024-04-25 20:48:40 INFO     Time taken for transcription: 9.16077995300293 seconds
2024-04-25 20:48:42 INFO     Time taken for alignment: 1.1221680641174316 seconds
2024-04-25 20:48:57 INFO     Time taken for diarization: 2.693676710128784 seconds
2024-04-25 20:48:57 INFO     Processing audio file
2024-04-25 20:49:05 INFO     Time taken for transcription: 7.314748048782349 seconds
2024-04-25 20:49:07 INFO     Time taken for alignment: 1.1049931049346924 seconds
2024-04-25 20:49:33 INFO     Processing audio file
2024-04-25 20:49:40 INFO     Time taken for transcription: 6.2552337646484375 seconds
2024-04-25 20:49:42 INFO     Time taken for alignment: 0.8565528392791748 seconds
2024-04-25 20:49:54 INFO     Time taken for diarization: 2.891713857650757 seconds
2024-04-25 20:49:54 INFO     Processing audio file
2024-04-25 20:50:01 INFO     Time taken for transcription: 7.082470178604126 seconds
2024-04-25 20:50:04 INFO     Time taken for alignment: 1.1879298686981201 seconds
2024-04-25 20:52:06 INFO     Processing audio file
2024-04-25 20:52:13 INFO     Time taken for transcription: 6.552369117736816 seconds
2024-04-25 20:52:15 INFO     Time taken for alignment: 1.1298069953918457 seconds
2024-04-25 20:52:15 INFO     Processing audio file
2024-04-25 20:52:22 INFO     Time taken for transcription: 6.6757776737213135 seconds
2024-04-25 20:52:24 INFO     Time taken for alignment: 0.8825907707214355 seconds
2024-04-25 20:52:29 INFO     Time taken for diarization: 2.7266461849212646 seconds
2024-04-25 20:52:29 INFO     Processing audio file
2024-04-25 20:52:36 INFO     Time taken for transcription: 6.190518856048584 seconds
2024-04-25 20:52:38 INFO     Time taken for alignment: 1.1287891864776611 seconds
2024-04-25 20:52:43 INFO     Processing audio file
2024-04-25 20:52:49 INFO     Time taken for transcription: 6.38264799118042 seconds
2024-04-25 20:52:52 INFO     Time taken for alignment: 1.090188980102539 seconds
2024-04-25 20:52:52 INFO     Processing audio file
2024-04-25 20:53:00 INFO     Time taken for transcription: 7.786494970321655 seconds
2024-04-25 20:53:02 INFO     Time taken for alignment: 0.9312269687652588 seconds
2024-04-25 20:53:18 INFO     Time taken for diarization: 3.902256965637207 seconds
2024-04-25 20:53:18 INFO     Processing audio file
2024-04-25 20:53:24 INFO     Time taken for transcription: 6.08673095703125 seconds
2024-04-25 20:53:26 INFO     Time taken for alignment: 0.8515100479125977 seconds
2024-04-25 20:53:30 INFO     Processing audio file
2024-04-25 20:53:37 INFO     Time taken for transcription: 7.013451099395752 seconds
2024-04-25 20:53:39 INFO     Time taken for alignment: 0.8540728092193604 seconds
2024-04-25 20:53:39 INFO     Processing audio file
2024-04-25 20:53:46 INFO     Time taken for transcription: 6.681535959243774 seconds
2024-04-25 20:53:48 INFO     Time taken for alignment: 0.6626899242401123 seconds
2024-04-25 20:53:55 INFO     Time taken for diarization: 3.5598068237304688 seconds
2024-04-25 20:53:58 INFO     Processing audio file
2024-04-25 20:54:05 INFO     Time taken for transcription: 6.9759111404418945 seconds
2024-04-25 20:54:08 INFO     Time taken for alignment: 1.79734206199646 seconds
2024-04-25 20:54:21 INFO     Time taken for diarization: 3.817253828048706 seconds
2024-04-25 20:54:21 INFO     Processing audio file
2024-04-25 20:54:29 INFO     Time taken for transcription: 7.38410496711731 seconds
2024-04-25 20:54:32 INFO     Time taken for alignment: 1.2358698844909668 seconds
2024-04-25 20:54:46 INFO     Processing audio file
2024-04-25 20:54:53 INFO     Time taken for transcription: 6.885638236999512 seconds
2024-04-25 20:54:55 INFO     Time taken for alignment: 1.0396931171417236 seconds
2024-04-25 20:55:18 INFO     Processing audio file
2024-04-25 20:55:24 INFO     Time taken for transcription: 6.495962858200073 seconds
2024-04-25 20:55:26 INFO     Time taken for alignment: 0.76727294921875 seconds
2024-04-25 20:57:19 INFO     Processing audio file
2024-04-25 20:57:26 INFO     Time taken for transcription: 7.04284405708313 seconds
2024-04-25 20:57:29 INFO     Time taken for alignment: 1.4686610698699951 seconds
2024-04-25 20:59:09 INFO     Processing audio file
2024-04-25 20:59:16 INFO     Time taken for transcription: 6.357074022293091 seconds
2024-04-25 20:59:18 INFO     Time taken for alignment: 1.0546586513519287 seconds
2024-04-25 20:59:18 INFO     Processing audio file
2024-04-25 20:59:25 INFO     Time taken for transcription: 6.356646776199341 seconds
2024-04-25 20:59:27 INFO     Time taken for alignment: 1.024397850036621 seconds
2024-04-25 20:59:32 INFO     Processing audio file
2024-04-25 20:59:38 INFO     Time taken for transcription: 6.490725040435791 seconds
2024-04-25 20:59:41 INFO     Time taken for alignment: 1.0275840759277344 seconds
2024-04-25 21:00:24 INFO     Processing audio file
2024-04-25 21:00:31 INFO     Time taken for transcription: 7.01618504524231 seconds
2024-04-25 21:00:34 INFO     Time taken for alignment: 1.1812160015106201 seconds
2024-04-25 21:00:34 INFO     Processing audio file
2024-04-25 21:00:40 INFO     Time taken for transcription: 6.6833930015563965 seconds
2024-04-25 21:00:42 INFO     Time taken for alignment: 1.06744384765625 seconds
2024-04-25 21:00:49 INFO     Time taken for diarization: 2.604898691177368 seconds
2024-04-25 21:01:01 INFO     Processing audio file
2024-04-25 21:01:07 INFO     Time taken for transcription: 6.564043045043945 seconds
2024-04-25 21:01:10 INFO     Time taken for alignment: 1.3191759586334229 seconds
2024-04-25 21:01:15 INFO     Time taken for diarization: 2.5176568031311035 seconds
2024-04-25 21:03:12 INFO     Processing audio file
2024-04-25 21:03:19 INFO     Time taken for transcription: 6.667073011398315 seconds
2024-04-25 21:03:21 INFO     Time taken for alignment: 0.8697552680969238 seconds
2024-04-25 21:03:27 INFO     Time taken for diarization: 2.8582379817962646 seconds
2024-04-25 21:03:28 INFO     Processing audio file
2024-04-25 21:03:35 INFO     Time taken for transcription: 7.034184217453003 seconds
2024-04-25 21:03:38 INFO     Time taken for alignment: 1.1763429641723633 seconds
2024-04-25 21:03:38 INFO     Processing audio file
2024-04-25 21:03:45 INFO     Time taken for transcription: 6.727339029312134 seconds
2024-04-25 21:03:46 INFO     Time taken for alignment: 0.6386590003967285 seconds
2024-04-25 21:03:52 INFO     Time taken for diarization: 2.7527449131011963 seconds
2024-04-25 21:05:51 INFO     Processing audio file
2024-04-25 21:06:01 INFO     Time taken for transcription: 9.910506010055542 seconds
2024-04-25 21:06:03 INFO     Time taken for alignment: 0.9918515682220459 seconds
2024-04-25 21:06:11 INFO     Time taken for diarization: 2.98484206199646 seconds
2024-04-25 21:06:11 INFO     Processing audio file
2024-04-25 21:06:18 INFO     Time taken for transcription: 6.624670028686523 seconds
2024-04-25 21:06:20 INFO     Time taken for alignment: 0.9106688499450684 seconds
2024-04-25 21:06:59 INFO     Processing audio file
2024-04-25 21:07:07 INFO     Time taken for transcription: 7.7849280834198 seconds
2024-04-25 21:07:09 INFO     Time taken for alignment: 0.9117250442504883 seconds
2024-04-25 21:07:11 INFO     Processing audio file
2024-04-25 21:07:18 INFO     Time taken for transcription: 6.653186798095703 seconds
2024-04-25 21:07:20 INFO     Time taken for alignment: 0.794259786605835 seconds
2024-04-25 21:08:47 INFO     Processing audio file
2024-04-25 21:08:54 INFO     Time taken for transcription: 6.83392596244812 seconds
2024-04-25 21:08:56 INFO     Time taken for alignment: 1.0668730735778809 seconds
2024-04-25 21:09:03 INFO     Time taken for diarization: 2.9850831031799316 seconds
2024-04-25 21:10:51 INFO     Processing audio file
2024-04-25 21:11:00 INFO     Time taken for transcription: 8.83525800704956 seconds
2024-04-25 21:11:02 INFO     Time taken for alignment: 0.710015058517456 seconds
2024-04-25 21:11:08 INFO     Time taken for diarization: 2.7997660636901855 seconds
2024-04-25 21:11:08 INFO     Processing audio file
2024-04-25 21:11:15 INFO     Time taken for transcription: 6.418625116348267 seconds
2024-04-25 21:11:17 INFO     Time taken for alignment: 0.9541089534759521 seconds
2024-04-25 21:11:33 INFO     Processing audio file
2024-04-25 21:11:39 INFO     Time taken for transcription: 5.913116931915283 seconds
2024-04-25 21:11:41 INFO     Time taken for alignment: 0.8511850833892822 seconds
2024-04-25 21:11:48 INFO     Time taken for diarization: 3.004099130630493 seconds
2024-04-25 21:11:48 INFO     Processing audio file
2024-04-25 21:11:55 INFO     Time taken for transcription: 6.6161980628967285 seconds
2024-04-25 21:11:59 INFO     Time taken for alignment: 1.546036958694458 seconds
2024-04-25 21:12:49 INFO     Processing audio file
2024-04-25 21:12:56 INFO     Time taken for transcription: 6.215301752090454 seconds
2024-04-25 21:12:58 INFO     Time taken for alignment: 0.6367132663726807 seconds
2024-04-25 21:13:00 INFO     Processing audio file
2024-04-25 21:13:06 INFO     Time taken for transcription: 6.23849081993103 seconds
2024-04-25 21:13:08 INFO     Time taken for alignment: 0.957543134689331 seconds
2024-04-25 21:13:10 INFO     Processing audio file
2024-04-25 21:13:17 INFO     Time taken for transcription: 6.656811952590942 seconds
2024-04-25 21:13:18 INFO     Time taken for alignment: 0.8228631019592285 seconds
2024-04-25 21:13:19 INFO     Processing audio file
2024-04-25 21:13:26 INFO     Time taken for transcription: 6.585547924041748 seconds
2024-04-25 21:13:28 INFO     Time taken for alignment: 1.0485901832580566 seconds
2024-04-25 21:20:49 INFO     Processing audio file
2024-04-25 21:20:57 INFO     Time taken for transcription: 7.895791053771973 seconds
2024-04-25 21:20:59 INFO     Time taken for alignment: 1.0035691261291504 seconds
2024-04-25 21:21:00 INFO     Processing audio file
2024-04-25 21:21:06 INFO     Time taken for transcription: 6.270837068557739 seconds
2024-04-25 21:21:09 INFO     Time taken for alignment: 1.3229200839996338 seconds
2024-04-25 21:21:11 INFO     Processing audio file
2024-04-25 21:21:19 INFO     Time taken for transcription: 7.7764716148376465 seconds
2024-04-25 21:21:21 INFO     Time taken for alignment: 1.0483789443969727 seconds
2024-04-25 21:22:31 INFO     Processing audio file
2024-04-25 21:22:39 INFO     Time taken for transcription: 7.39507794380188 seconds
2024-04-25 21:22:41 INFO     Time taken for alignment: 1.2312471866607666 seconds
2024-04-25 21:22:47 INFO     Time taken for diarization: 2.887312889099121 seconds
2024-04-25 21:29:03 INFO     Processing audio file
2024-04-25 21:29:15 INFO     Time taken for transcription: 11.881299018859863 seconds
2024-04-25 21:29:18 INFO     Time taken for alignment: 1.5561201572418213 seconds
2024-04-25 21:29:18 INFO     Processing audio file
2024-04-25 21:29:25 INFO     Time taken for transcription: 6.4320127964019775 seconds
2024-04-25 21:29:28 INFO     Time taken for alignment: 1.4088091850280762 seconds
2024-04-25 21:29:35 INFO     Time taken for diarization: 3.8470938205718994 seconds
2024-04-25 21:29:35 INFO     Processing audio file
2024-04-25 21:29:42 INFO     Time taken for transcription: 6.749794006347656 seconds
2024-04-25 21:29:44 INFO     Time taken for alignment: 0.6989939212799072 seconds
2024-04-25 21:29:50 INFO     Processing audio file
2024-04-25 21:29:58 INFO     Time taken for transcription: 6.908293962478638 seconds
2024-04-25 21:30:00 INFO     Time taken for alignment: 1.1153819561004639 seconds
2024-04-25 21:30:05 INFO     Time taken for diarization: 2.7601819038391113 seconds
2024-04-25 21:30:07 INFO     Processing audio file
2024-04-25 21:30:14 INFO     Time taken for transcription: 6.350917100906372 seconds
2024-04-25 21:30:16 INFO     Time taken for alignment: 0.8693509101867676 seconds
2024-04-25 21:30:21 INFO     Time taken for diarization: 2.5252108573913574 seconds
2024-04-25 21:31:48 INFO     Processing audio file
2024-04-25 21:31:55 INFO     Time taken for transcription: 7.2067248821258545 seconds
2024-04-25 21:31:57 INFO     Time taken for alignment: 0.929893970489502 seconds
2024-04-25 21:32:02 INFO     Time taken for diarization: 2.4870121479034424 seconds
2024-04-25 21:32:02 INFO     Processing audio file
2024-04-25 21:32:09 INFO     Time taken for transcription: 6.2331719398498535 seconds
2024-04-25 21:32:12 INFO     Time taken for alignment: 1.015390157699585 seconds
2024-04-25 21:32:17 INFO     Processing audio file
2024-04-25 21:32:25 INFO     Time taken for transcription: 7.9800708293914795 seconds
2024-04-25 21:32:27 INFO     Time taken for alignment: 0.956326961517334 seconds
2024-04-25 21:33:22 INFO     Processing audio file
2024-04-25 21:33:29 INFO     Time taken for transcription: 7.078423023223877 seconds
2024-04-25 21:33:31 INFO     Time taken for alignment: 0.8678791522979736 seconds
2024-04-25 21:33:39 INFO     Time taken for diarization: 2.793689250946045 seconds
2024-04-25 21:33:39 INFO     Processing audio file
2024-04-25 21:33:45 INFO     Time taken for transcription: 6.236409902572632 seconds
2024-04-25 21:33:47 INFO     Time taken for alignment: 0.662708044052124 seconds
2024-04-25 21:35:19 INFO     Processing audio file
2024-04-25 21:35:20 ERROR    Error processing file: Failed to load audio: ffmpeg version 7.0 Copyright (c) 2000-2024 the FFmpeg developers
  built with Apple clang version 15.0.0 (clang-1500.1.0.2.5)
  configuration: --prefix=/opt/homebrew/Cellar/ffmpeg/7.0 --enable-shared --enable-pthreads --enable-version3 --cc=clang --host-cflags= --host-ldflags='-Wl,-ld_classic' --enable-ffplay --enable-gnutls --enable-gpl --enable-libaom --enable-libaribb24 --enable-libbluray --enable-libdav1d --enable-libharfbuzz --enable-libjxl --enable-libmp3lame --enable-libopus --enable-librav1e --enable-librist --enable-librubberband --enable-libsnappy --enable-libsrt --enable-libssh --enable-libsvtav1 --enable-libtesseract --enable-libtheora --enable-libvidstab --enable-libvmaf --enable-libvorbis --enable-libvpx --enable-libwebp --enable-libx264 --enable-libx265 --enable-libxml2 --enable-libxvid --enable-lzma --enable-libfontconfig --enable-libfreetype --enable-frei0r --enable-libass --enable-libopencore-amrnb --enable-libopencore-amrwb --enable-libopenjpeg --enable-libopenvino --enable-libspeex --enable-libsoxr --enable-libzmq --enable-libzimg --disable-libjack --disable-indev=jack --enable-videotoolbox --enable-audiotoolbox --enable-neon
  libavutil      59.  8.100 / 59.  8.100
  libavcodec     61.  3.100 / 61.  3.100
  libavformat    61.  1.100 / 61.  1.100
  libavdevice    61.  1.100 / 61.  1.100
  libavfilter    10.  1.100 / 10.  1.100
  libswscale      8.  1.100 /  8.  1.100
  libswresample   5.  1.100 /  5.  1.100
  libpostproc    58.  1.100 / 58.  1.100
Input #0, png_pipe, from '/var/folders/_6/94s0c1rj5bj75fy53tlhnq0w0000gn/T/tmp8a_wxyds.tmp':
  Duration: N/A, bitrate: N/A
  Stream #0:0: Video: png, rgba(pc, gbr/unknown/unknown), 2510x1390 [SAR 5669:5669 DAR 251:139], 25 fps, 25 tbr, 25 tbn
Output #0, s16le, to 'pipe:':
[out#0/s16le @ 0x15a109380] Output file does not contain any stream
Error opening output file -.
Error opening output files: Invalid argument

2024-04-25 21:35:25 INFO     Processing audio file
2024-04-25 21:35:25 ERROR    Error processing file: Failed to load audio: ffmpeg version 7.0 Copyright (c) 2000-2024 the FFmpeg developers
  built with Apple clang version 15.0.0 (clang-1500.1.0.2.5)
  configuration: --prefix=/opt/homebrew/Cellar/ffmpeg/7.0 --enable-shared --enable-pthreads --enable-version3 --cc=clang --host-cflags= --host-ldflags='-Wl,-ld_classic' --enable-ffplay --enable-gnutls --enable-gpl --enable-libaom --enable-libaribb24 --enable-libbluray --enable-libdav1d --enable-libharfbuzz --enable-libjxl --enable-libmp3lame --enable-libopus --enable-librav1e --enable-librist --enable-librubberband --enable-libsnappy --enable-libsrt --enable-libssh --enable-libsvtav1 --enable-libtesseract --enable-libtheora --enable-libvidstab --enable-libvmaf --enable-libvorbis --enable-libvpx --enable-libwebp --enable-libx264 --enable-libx265 --enable-libxml2 --enable-libxvid --enable-lzma --enable-libfontconfig --enable-libfreetype --enable-frei0r --enable-libass --enable-libopencore-amrnb --enable-libopencore-amrwb --enable-libopenjpeg --enable-libopenvino --enable-libspeex --enable-libsoxr --enable-libzmq --enable-libzimg --disable-libjack --disable-indev=jack --enable-videotoolbox --enable-audiotoolbox --enable-neon
  libavutil      59.  8.100 / 59.  8.100
  libavcodec     61.  3.100 / 61.  3.100
  libavformat    61.  1.100 / 61.  1.100
  libavdevice    61.  1.100 / 61.  1.100
  libavfilter    10.  1.100 / 10.  1.100
  libswscale      8.  1.100 /  8.  1.100
  libswresample   5.  1.100 /  5.  1.100
  libpostproc    58.  1.100 / 58.  1.100
Input #0, png_pipe, from '/var/folders/_6/94s0c1rj5bj75fy53tlhnq0w0000gn/T/tmpk2_68jw7.tmp':
  Duration: N/A, bitrate: N/A
  Stream #0:0: Video: png, rgba(pc, gbr/unknown/unknown), 2510x1390 [SAR 5669:5669 DAR 251:139], 25 fps, 25 tbr, 25 tbn
Output #0, s16le, to 'pipe:':
[out#0/s16le @ 0x15a823e70] Output file does not contain any stream
Error opening output file -.
Error opening output files: Invalid argument

2024-04-25 21:38:38 INFO     Processing audio file
2024-04-25 21:38:46 INFO     Time taken for transcription: 8.005506992340088 seconds
2024-04-25 21:38:48 INFO     Time taken for alignment: 0.7366070747375488 seconds
2024-04-26 15:05:04 INFO     Processing audio file
2024-04-26 15:05:12 INFO     Time taken for transcription: 8.039470911026001 seconds
2024-04-26 15:05:14 INFO     Time taken for alignment: 2.230747938156128 seconds
2024-04-26 15:05:41 INFO     Processing audio file
2024-04-26 15:05:48 INFO     Time taken for transcription: 6.4621241092681885 seconds
2024-04-26 15:05:50 INFO     Time taken for alignment: 2.010770797729492 seconds
2024-04-26 15:06:44 INFO     Processing audio file
2024-04-26 15:06:51 INFO     Time taken for transcription: 6.902594089508057 seconds
2024-04-26 15:06:53 INFO     Time taken for alignment: 1.96858811378479 seconds
2024-04-26 15:06:58 INFO     Time taken for diarization: 5.192176818847656 seconds
2024-04-26 15:07:22 INFO     Processing audio file
2024-04-26 15:07:28 INFO     Time taken for transcription: 6.255396842956543 seconds
2024-04-26 15:07:30 INFO     Time taken for alignment: 1.8093390464782715 seconds
2024-04-26 15:07:38 INFO     Time taken for diarization: 7.75203800201416 seconds
